Release 14.7 - xst P.20131013 (nt64)
Copyright (c) 1995-2013 Xilinx, Inc.  All rights reserved.
--> Parameter TMPDIR set to xst/projnav.tmp


Total REAL time to Xst completion: 1.00 secs
Total CPU time to Xst completion: 0.26 secs
 
--> Parameter xsthdpdir set to xst


Total REAL time to Xst completion: 1.00 secs
Total CPU time to Xst completion: 0.28 secs
 
--> Reading design: MIPS_processor.prj

TABLE OF CONTENTS
  1) Synthesis Options Summary
  2) HDL Parsing
  3) HDL Elaboration
  4) HDL Synthesis
       4.1) HDL Synthesis Report
  5) Advanced HDL Synthesis
       5.1) Advanced HDL Synthesis Report
  6) Low Level Synthesis
  7) Partition Report
  8) Design Summary
       8.1) Primitive and Black Box Usage
       8.2) Device utilization summary
       8.3) Partition Resource Summary
       8.4) Timing Report
            8.4.1) Clock Information
            8.4.2) Asynchronous Control Signals Information
            8.4.3) Timing Summary
            8.4.4) Timing Details
            8.4.5) Cross Clock Domains Report


=========================================================================
*                      Synthesis Options Summary                        *
=========================================================================
---- Source Parameters
Input File Name                    : "MIPS_processor.prj"
Ignore Synthesis Constraint File   : NO

---- Target Parameters
Output File Name                   : "MIPS_processor"
Output Format                      : NGC
Target Device                      : xc6slx16-3-csg324

---- Source Options
Top Module Name                    : MIPS_processor
Automatic FSM Extraction           : YES
FSM Encoding Algorithm             : Auto
Safe Implementation                : No
FSM Style                          : LUT
RAM Extraction                     : Yes
RAM Style                          : Auto
ROM Extraction                     : Yes
Shift Register Extraction          : YES
ROM Style                          : Auto
Resource Sharing                   : YES
Asynchronous To Synchronous        : NO
Shift Register Minimum Size        : 2
Use DSP Block                      : Auto
Automatic Register Balancing       : No

---- Target Options
LUT Combining                      : Auto
Reduce Control Sets                : Auto
Add IO Buffers                     : YES
Global Maximum Fanout              : 100000
Add Generic Clock Buffer(BUFG)     : 16
Register Duplication               : YES
Optimize Instantiated Primitives   : NO
Use Clock Enable                   : Auto
Use Synchronous Set                : Auto
Use Synchronous Reset              : Auto
Pack IO Registers into IOBs        : Auto
Equivalent register Removal        : YES

---- General Options
Optimization Goal                  : Speed
Optimization Effort                : 1
Power Reduction                    : NO
Keep Hierarchy                     : No
Netlist Hierarchy                  : As_Optimized
RTL Output                         : Yes
Global Optimization                : AllClockNets
Read Cores                         : YES
Write Timing Constraints           : NO
Cross Clock Analysis               : NO
Hierarchy Separator                : /
Bus Delimiter                      : <>
Case Specifier                     : Maintain
Slice Utilization Ratio            : 100
BRAM Utilization Ratio             : 100
DSP48 Utilization Ratio            : 100
Auto BRAM Packing                  : NO
Slice Utilization Ratio Delta      : 5

=========================================================================


=========================================================================
*                          HDL Parsing                                  *
=========================================================================
Parsing VHDL file "C:\Users\salex\Desktop\LabArqui\MIPS_processor\reg_type.vhd" into library work
Parsing package <SLV>.
Parsing VHDL file "C:\Users\salex\Desktop\LabArqui\MIPS_processor\modules\register.vhd" into library work
Parsing entity <reg>.
Parsing architecture <Behavioral> of entity <reg>.
Parsing VHDL file "C:\Users\salex\Desktop\LabArqui\MIPS_processor\modules\mux_register_file.vhd" into library work
Parsing entity <mux_register_file>.
Parsing architecture <Behavioral> of entity <mux_register_file>.
Parsing VHDL file "C:\Users\salex\Desktop\LabArqui\MIPS_processor\modules\decoder.vhd" into library work
Parsing entity <decoder>.
Parsing architecture <Behavioral> of entity <decoder>.
Parsing VHDL file "C:\Users\salex\Desktop\LabArqui\MIPS_processor\modules\sign_extender.vhd" into library work
Parsing entity <sign_extender>.
Parsing architecture <Behavioral> of entity <sign_extender>.
Parsing VHDL file "C:\Users\salex\Desktop\LabArqui\MIPS_processor\modules\shift_left_32bits.vhd" into library work
Parsing entity <shift_left_32bits>.
Parsing architecture <Behavioral> of entity <shift_left_32bits>.
Parsing VHDL file "C:\Users\salex\Desktop\LabArqui\MIPS_processor\modules\shift_left_28bits.vhd" into library work
Parsing entity <shift_left_28bits>.
Parsing architecture <Behavioral> of entity <shift_left_28bits>.
Parsing VHDL file "C:\Users\salex\Desktop\LabArqui\MIPS_processor\modules\register_file.vhd" into library work
Parsing entity <register_file>.
Parsing architecture <Behavioral> of entity <register_file>.
Parsing VHDL file "C:\Users\salex\Desktop\LabArqui\MIPS_processor\modules\pc.vhd" into library work
Parsing entity <pc>.
Parsing architecture <Behavioral> of entity <pc>.
Parsing VHDL file "C:\Users\salex\Desktop\LabArqui\MIPS_processor\modules\mux_5bits.vhd" into library work
Parsing entity <mux_5bits>.
Parsing architecture <Behavioral> of entity <mux_5bits>.
Parsing VHDL file "C:\Users\salex\Desktop\LabArqui\MIPS_processor\modules\mux_32bits.vhd" into library work
Parsing entity <mux_32bits>.
Parsing architecture <Behavioral> of entity <mux_32bits>.
Parsing VHDL file "C:\Users\salex\Desktop\LabArqui\MIPS_processor\modules\instruction_memory.vhd" into library work
Parsing entity <instruction_memory>.
Parsing architecture <Behavioral> of entity <instruction_memory>.
Parsing VHDL file "C:\Users\salex\Desktop\LabArqui\MIPS_processor\modules\data_memory.vhd" into library work
Parsing entity <data_memory>.
Parsing architecture <Behavioral> of entity <data_memory>.
Parsing VHDL file "C:\Users\salex\Desktop\LabArqui\MIPS_processor\modules\control_unit.vhd" into library work
Parsing entity <control_unit>.
Parsing architecture <Behavioral> of entity <control_unit>.
Parsing VHDL file "C:\Users\salex\Desktop\LabArqui\MIPS_processor\modules\ALU_control.vhd" into library work
Parsing entity <alu_control>.
Parsing architecture <Behavioral> of entity <alu_control>.
Parsing VHDL file "C:\Users\salex\Desktop\LabArqui\MIPS_processor\modules\ALU.vhd" into library work
Parsing entity <alu>.
Parsing architecture <Behavioral> of entity <alu>.
Parsing VHDL file "C:\Users\salex\Desktop\LabArqui\MIPS_processor\modules\adder.vhd" into library work
Parsing entity <adder>.
Parsing architecture <adder_impl> of entity <adder>.
Parsing VHDL file "C:\Users\salex\Desktop\LabArqui\MIPS_processor\MIPS_processor.vhd" into library work
Parsing entity <MIPS_processor>.
Parsing architecture <Behavioral> of entity <mips_processor>.

=========================================================================
*                            HDL Elaboration                            *
=========================================================================

Elaborating entity <MIPS_processor> (architecture <Behavioral>) from library <work>.

Elaborating entity <pc> (architecture <Behavioral>) from library <work>.
WARNING:HDLCompiler:92 - "C:\Users\salex\Desktop\LabArqui\MIPS_processor\modules\pc.vhd" Line 24: q_aux should be on the sensitivity list of the process

Elaborating entity <instruction_memory> (architecture <Behavioral>) from library <work>.

Elaborating entity <adder> (architecture <adder_impl>) from library <work>.

Elaborating entity <shift_left_28bits> (architecture <Behavioral>) from library <work>.

Elaborating entity <control_unit> (architecture <Behavioral>) from library <work>.

Elaborating entity <mux_5bits> (architecture <Behavioral>) from library <work>.

Elaborating entity <register_file> (architecture <Behavioral>) from library <work>.

Elaborating entity <decoder> (architecture <Behavioral>) from library <work>.

Elaborating entity <reg> (architecture <Behavioral>) from library <work>.

Elaborating entity <mux_register_file> (architecture <Behavioral>) from library <work>.

Elaborating entity <sign_extender> (architecture <Behavioral>) from library <work>.

Elaborating entity <shift_left_32bits> (architecture <Behavioral>) from library <work>.

Elaborating entity <mux_32bits> (architecture <Behavioral>) from library <work>.

Elaborating entity <alu_control> (architecture <Behavioral>) from library <work>.

Elaborating entity <alu> (architecture <Behavioral>) from library <work>.

Elaborating entity <data_memory> (architecture <Behavioral>) from library <work>.
WARNING:Xst:2972 - "C:\Users\salex\Desktop\LabArqui\MIPS_processor\MIPS_processor.vhd" line 151. All outputs of instance <ProgramCounter> of block <pc> are unconnected in block <MIPS_processor>. Underlying logic will be removed.
WARNING:Xst:2972 - "C:\Users\salex\Desktop\LabArqui\MIPS_processor\MIPS_processor.vhd" line 152. All outputs of instance <InstructionMemory> of block <instruction_memory> are unconnected in block <MIPS_processor>. Underlying logic will be removed.
WARNING:Xst:2972 - "C:\Users\salex\Desktop\LabArqui\MIPS_processor\MIPS_processor.vhd" line 153. All outputs of instance <AddPC4> of block <adder> are unconnected in block <MIPS_processor>. Underlying logic will be removed.
WARNING:Xst:2972 - "C:\Users\salex\Desktop\LabArqui\MIPS_processor\MIPS_processor.vhd" line 154. All outputs of instance <Shift28> of block <shift_left_28bits> are unconnected in block <MIPS_processor>. Underlying logic will be removed.
WARNING:Xst:2972 - "C:\Users\salex\Desktop\LabArqui\MIPS_processor\MIPS_processor.vhd" line 155. All outputs of instance <ControlUnit> of block <control_unit> are unconnected in block <MIPS_processor>. Underlying logic will be removed.
WARNING:Xst:2972 - "C:\Users\salex\Desktop\LabArqui\MIPS_processor\MIPS_processor.vhd" line 156. All outputs of instance <MuxRegisters> of block <mux_5bits> are unconnected in block <MIPS_processor>. Underlying logic will be removed.
WARNING:Xst:2972 - "C:\Users\salex\Desktop\LabArqui\MIPS_processor\MIPS_processor.vhd" line 157. All outputs of instance <RegisterFile> of block <register_file> are unconnected in block <MIPS_processor>. Underlying logic will be removed.
WARNING:Xst:2972 - "C:\Users\salex\Desktop\LabArqui\MIPS_processor\MIPS_processor.vhd" line 158. All outputs of instance <SignExtend> of block <sign_extender> are unconnected in block <MIPS_processor>. Underlying logic will be removed.
WARNING:Xst:2972 - "C:\Users\salex\Desktop\LabArqui\MIPS_processor\MIPS_processor.vhd" line 159. All outputs of instance <Shift32> of block <shift_left_32bits> are unconnected in block <MIPS_processor>. Underlying logic will be removed.
WARNING:Xst:2972 - "C:\Users\salex\Desktop\LabArqui\MIPS_processor\MIPS_processor.vhd" line 160. All outputs of instance <AddImmediatePC> of block <adder> are unconnected in block <MIPS_processor>. Underlying logic will be removed.
WARNING:Xst:2972 - "C:\Users\salex\Desktop\LabArqui\MIPS_processor\MIPS_processor.vhd" line 161. All outputs of instance <MuxRegistersOut> of block <mux_32bits> are unconnected in block <MIPS_processor>. Underlying logic will be removed.
WARNING:Xst:2972 - "C:\Users\salex\Desktop\LabArqui\MIPS_processor\MIPS_processor.vhd" line 162. All outputs of instance <ALUControl> of block <alu_control> are unconnected in block <MIPS_processor>. Underlying logic will be removed.
WARNING:Xst:2972 - "C:\Users\salex\Desktop\LabArqui\MIPS_processor\MIPS_processor.vhd" line 163. All outputs of instance <ALUModule> of block <alu> are unconnected in block <MIPS_processor>. Underlying logic will be removed.
WARNING:Xst:2972 - "C:\Users\salex\Desktop\LabArqui\MIPS_processor\MIPS_processor.vhd" line 164. All outputs of instance <MuxAdd1> of block <mux_32bits> are unconnected in block <MIPS_processor>. Underlying logic will be removed.
WARNING:Xst:2972 - "C:\Users\salex\Desktop\LabArqui\MIPS_processor\MIPS_processor.vhd" line 165. All outputs of instance <MuxAdd2> of block <mux_32bits> are unconnected in block <MIPS_processor>. Underlying logic will be removed.
WARNING:Xst:2972 - "C:\Users\salex\Desktop\LabArqui\MIPS_processor\MIPS_processor.vhd" line 166. All outputs of instance <MuxAdd3> of block <mux_32bits> are unconnected in block <MIPS_processor>. Underlying logic will be removed.
WARNING:Xst:2972 - "C:\Users\salex\Desktop\LabArqui\MIPS_processor\MIPS_processor.vhd" line 167. All outputs of instance <DataMemory> of block <data_memory> are unconnected in block <MIPS_processor>. Underlying logic will be removed.
WARNING:Xst:2972 - "C:\Users\salex\Desktop\LabArqui\MIPS_processor\MIPS_processor.vhd" line 168. All outputs of instance <MuxDataMemory> of block <mux_32bits> are unconnected in block <MIPS_processor>. Underlying logic will be removed.

=========================================================================
*                           HDL Synthesis                               *
=========================================================================

Synthesizing Unit <MIPS_processor>.
    Related source file is "C:\Users\salex\Desktop\LabArqui\MIPS_processor\MIPS_processor.vhd".
    Summary:
	no macro.
Unit <MIPS_processor> synthesized.

Synthesizing Unit <decoder>.
    Related source file is "C:\Users\salex\Desktop\LabArqui\MIPS_processor\modules\decoder.vhd".
    Summary:
	no macro.
Unit <decoder> synthesized.

Synthesizing Unit <reg>.
    Related source file is "C:\Users\salex\Desktop\LabArqui\MIPS_processor\modules\register.vhd".
WARNING:Xst:647 - Input <Enabler<0:0>> is never used. This port will be preserved and left unconnected if it belongs to a top-level block or it belongs to a sub-block and the hierarchy of this sub-block is preserved.
WARNING:Xst:653 - Signal <Registers<0>> is used but never assigned. This sourceless signal will be automatically connected to value GND.
    Found 1-bit register for signal <Registers_2<31>>.
    Found 1-bit register for signal <Registers_2<30>>.
    Found 1-bit register for signal <Registers_2<29>>.
    Found 1-bit register for signal <Registers_2<28>>.
    Found 1-bit register for signal <Registers_2<27>>.
    Found 1-bit register for signal <Registers_2<26>>.
    Found 1-bit register for signal <Registers_2<25>>.
    Found 1-bit register for signal <Registers_2<24>>.
    Found 1-bit register for signal <Registers_2<23>>.
    Found 1-bit register for signal <Registers_2<22>>.
    Found 1-bit register for signal <Registers_2<21>>.
    Found 1-bit register for signal <Registers_2<20>>.
    Found 1-bit register for signal <Registers_2<19>>.
    Found 1-bit register for signal <Registers_2<18>>.
    Found 1-bit register for signal <Registers_2<17>>.
    Found 1-bit register for signal <Registers_2<16>>.
    Found 1-bit register for signal <Registers_2<15>>.
    Found 1-bit register for signal <Registers_2<14>>.
    Found 1-bit register for signal <Registers_2<13>>.
    Found 1-bit register for signal <Registers_2<12>>.
    Found 1-bit register for signal <Registers_2<11>>.
    Found 1-bit register for signal <Registers_2<10>>.
    Found 1-bit register for signal <Registers_2<9>>.
    Found 1-bit register for signal <Registers_2<8>>.
    Found 1-bit register for signal <Registers_2<7>>.
    Found 1-bit register for signal <Registers_2<6>>.
    Found 1-bit register for signal <Registers_2<5>>.
    Found 1-bit register for signal <Registers_2<4>>.
    Found 1-bit register for signal <Registers_2<3>>.
    Found 1-bit register for signal <Registers_2<2>>.
    Found 1-bit register for signal <Registers_2<1>>.
    Found 1-bit register for signal <Registers_2<0>>.
    Found 1-bit register for signal <Registers_3<31>>.
    Found 1-bit register for signal <Registers_3<30>>.
    Found 1-bit register for signal <Registers_3<29>>.
    Found 1-bit register for signal <Registers_3<28>>.
    Found 1-bit register for signal <Registers_3<27>>.
    Found 1-bit register for signal <Registers_3<26>>.
    Found 1-bit register for signal <Registers_3<25>>.
    Found 1-bit register for signal <Registers_3<24>>.
    Found 1-bit register for signal <Registers_3<23>>.
    Found 1-bit register for signal <Registers_3<22>>.
    Found 1-bit register for signal <Registers_3<21>>.
    Found 1-bit register for signal <Registers_3<20>>.
    Found 1-bit register for signal <Registers_3<19>>.
    Found 1-bit register for signal <Registers_3<18>>.
    Found 1-bit register for signal <Registers_3<17>>.
    Found 1-bit register for signal <Registers_3<16>>.
    Found 1-bit register for signal <Registers_3<15>>.
    Found 1-bit register for signal <Registers_3<14>>.
    Found 1-bit register for signal <Registers_3<13>>.
    Found 1-bit register for signal <Registers_3<12>>.
    Found 1-bit register for signal <Registers_3<11>>.
    Found 1-bit register for signal <Registers_3<10>>.
    Found 1-bit register for signal <Registers_3<9>>.
    Found 1-bit register for signal <Registers_3<8>>.
    Found 1-bit register for signal <Registers_3<7>>.
    Found 1-bit register for signal <Registers_3<6>>.
    Found 1-bit register for signal <Registers_3<5>>.
    Found 1-bit register for signal <Registers_3<4>>.
    Found 1-bit register for signal <Registers_3<3>>.
    Found 1-bit register for signal <Registers_3<2>>.
    Found 1-bit register for signal <Registers_3<1>>.
    Found 1-bit register for signal <Registers_3<0>>.
    Found 1-bit register for signal <Registers_4<31>>.
    Found 1-bit register for signal <Registers_4<30>>.
    Found 1-bit register for signal <Registers_4<29>>.
    Found 1-bit register for signal <Registers_4<28>>.
    Found 1-bit register for signal <Registers_4<27>>.
    Found 1-bit register for signal <Registers_4<26>>.
    Found 1-bit register for signal <Registers_4<25>>.
    Found 1-bit register for signal <Registers_4<24>>.
    Found 1-bit register for signal <Registers_4<23>>.
    Found 1-bit register for signal <Registers_4<22>>.
    Found 1-bit register for signal <Registers_4<21>>.
    Found 1-bit register for signal <Registers_4<20>>.
    Found 1-bit register for signal <Registers_4<19>>.
    Found 1-bit register for signal <Registers_4<18>>.
    Found 1-bit register for signal <Registers_4<17>>.
    Found 1-bit register for signal <Registers_4<16>>.
    Found 1-bit register for signal <Registers_4<15>>.
    Found 1-bit register for signal <Registers_4<14>>.
    Found 1-bit register for signal <Registers_4<13>>.
    Found 1-bit register for signal <Registers_4<12>>.
    Found 1-bit register for signal <Registers_4<11>>.
    Found 1-bit register for signal <Registers_4<10>>.
    Found 1-bit register for signal <Registers_4<9>>.
    Found 1-bit register for signal <Registers_4<8>>.
    Found 1-bit register for signal <Registers_4<7>>.
    Found 1-bit register for signal <Registers_4<6>>.
    Found 1-bit register for signal <Registers_4<5>>.
    Found 1-bit register for signal <Registers_4<4>>.
    Found 1-bit register for signal <Registers_4<3>>.
    Found 1-bit register for signal <Registers_4<2>>.
    Found 1-bit register for signal <Registers_4<1>>.
    Found 1-bit register for signal <Registers_4<0>>.
    Found 1-bit register for signal <Registers_5<31>>.
    Found 1-bit register for signal <Registers_5<30>>.
    Found 1-bit register for signal <Registers_5<29>>.
    Found 1-bit register for signal <Registers_5<28>>.
    Found 1-bit register for signal <Registers_5<27>>.
    Found 1-bit register for signal <Registers_5<26>>.
    Found 1-bit register for signal <Registers_5<25>>.
    Found 1-bit register for signal <Registers_5<24>>.
    Found 1-bit register for signal <Registers_5<23>>.
    Found 1-bit register for signal <Registers_5<22>>.
    Found 1-bit register for signal <Registers_5<21>>.
    Found 1-bit register for signal <Registers_5<20>>.
    Found 1-bit register for signal <Registers_5<19>>.
    Found 1-bit register for signal <Registers_5<18>>.
    Found 1-bit register for signal <Registers_5<17>>.
    Found 1-bit register for signal <Registers_5<16>>.
    Found 1-bit register for signal <Registers_5<15>>.
    Found 1-bit register for signal <Registers_5<14>>.
    Found 1-bit register for signal <Registers_5<13>>.
    Found 1-bit register for signal <Registers_5<12>>.
    Found 1-bit register for signal <Registers_5<11>>.
    Found 1-bit register for signal <Registers_5<10>>.
    Found 1-bit register for signal <Registers_5<9>>.
    Found 1-bit register for signal <Registers_5<8>>.
    Found 1-bit register for signal <Registers_5<7>>.
    Found 1-bit register for signal <Registers_5<6>>.
    Found 1-bit register for signal <Registers_5<5>>.
    Found 1-bit register for signal <Registers_5<4>>.
    Found 1-bit register for signal <Registers_5<3>>.
    Found 1-bit register for signal <Registers_5<2>>.
    Found 1-bit register for signal <Registers_5<1>>.
    Found 1-bit register for signal <Registers_5<0>>.
    Found 1-bit register for signal <Registers_6<31>>.
    Found 1-bit register for signal <Registers_6<30>>.
    Found 1-bit register for signal <Registers_6<29>>.
    Found 1-bit register for signal <Registers_6<28>>.
    Found 1-bit register for signal <Registers_6<27>>.
    Found 1-bit register for signal <Registers_6<26>>.
    Found 1-bit register for signal <Registers_6<25>>.
    Found 1-bit register for signal <Registers_6<24>>.
    Found 1-bit register for signal <Registers_6<23>>.
    Found 1-bit register for signal <Registers_6<22>>.
    Found 1-bit register for signal <Registers_6<21>>.
    Found 1-bit register for signal <Registers_6<20>>.
    Found 1-bit register for signal <Registers_6<19>>.
    Found 1-bit register for signal <Registers_6<18>>.
    Found 1-bit register for signal <Registers_6<17>>.
    Found 1-bit register for signal <Registers_6<16>>.
    Found 1-bit register for signal <Registers_6<15>>.
    Found 1-bit register for signal <Registers_6<14>>.
    Found 1-bit register for signal <Registers_6<13>>.
    Found 1-bit register for signal <Registers_6<12>>.
    Found 1-bit register for signal <Registers_6<11>>.
    Found 1-bit register for signal <Registers_6<10>>.
    Found 1-bit register for signal <Registers_6<9>>.
    Found 1-bit register for signal <Registers_6<8>>.
    Found 1-bit register for signal <Registers_6<7>>.
    Found 1-bit register for signal <Registers_6<6>>.
    Found 1-bit register for signal <Registers_6<5>>.
    Found 1-bit register for signal <Registers_6<4>>.
    Found 1-bit register for signal <Registers_6<3>>.
    Found 1-bit register for signal <Registers_6<2>>.
    Found 1-bit register for signal <Registers_6<1>>.
    Found 1-bit register for signal <Registers_6<0>>.
    Found 1-bit register for signal <Registers_7<31>>.
    Found 1-bit register for signal <Registers_7<30>>.
    Found 1-bit register for signal <Registers_7<29>>.
    Found 1-bit register for signal <Registers_7<28>>.
    Found 1-bit register for signal <Registers_7<27>>.
    Found 1-bit register for signal <Registers_7<26>>.
    Found 1-bit register for signal <Registers_7<25>>.
    Found 1-bit register for signal <Registers_7<24>>.
    Found 1-bit register for signal <Registers_7<23>>.
    Found 1-bit register for signal <Registers_7<22>>.
    Found 1-bit register for signal <Registers_7<21>>.
    Found 1-bit register for signal <Registers_7<20>>.
    Found 1-bit register for signal <Registers_7<19>>.
    Found 1-bit register for signal <Registers_7<18>>.
    Found 1-bit register for signal <Registers_7<17>>.
    Found 1-bit register for signal <Registers_7<16>>.
    Found 1-bit register for signal <Registers_7<15>>.
    Found 1-bit register for signal <Registers_7<14>>.
    Found 1-bit register for signal <Registers_7<13>>.
    Found 1-bit register for signal <Registers_7<12>>.
    Found 1-bit register for signal <Registers_7<11>>.
    Found 1-bit register for signal <Registers_7<10>>.
    Found 1-bit register for signal <Registers_7<9>>.
    Found 1-bit register for signal <Registers_7<8>>.
    Found 1-bit register for signal <Registers_7<7>>.
    Found 1-bit register for signal <Registers_7<6>>.
    Found 1-bit register for signal <Registers_7<5>>.
    Found 1-bit register for signal <Registers_7<4>>.
    Found 1-bit register for signal <Registers_7<3>>.
    Found 1-bit register for signal <Registers_7<2>>.
    Found 1-bit register for signal <Registers_7<1>>.
    Found 1-bit register for signal <Registers_7<0>>.
    Found 1-bit register for signal <Registers_8<31>>.
    Found 1-bit register for signal <Registers_8<30>>.
    Found 1-bit register for signal <Registers_8<29>>.
    Found 1-bit register for signal <Registers_8<28>>.
    Found 1-bit register for signal <Registers_8<27>>.
    Found 1-bit register for signal <Registers_8<26>>.
    Found 1-bit register for signal <Registers_8<25>>.
    Found 1-bit register for signal <Registers_8<24>>.
    Found 1-bit register for signal <Registers_8<23>>.
    Found 1-bit register for signal <Registers_8<22>>.
    Found 1-bit register for signal <Registers_8<21>>.
    Found 1-bit register for signal <Registers_8<20>>.
    Found 1-bit register for signal <Registers_8<19>>.
    Found 1-bit register for signal <Registers_8<18>>.
    Found 1-bit register for signal <Registers_8<17>>.
    Found 1-bit register for signal <Registers_8<16>>.
    Found 1-bit register for signal <Registers_8<15>>.
    Found 1-bit register for signal <Registers_8<14>>.
    Found 1-bit register for signal <Registers_8<13>>.
    Found 1-bit register for signal <Registers_8<12>>.
    Found 1-bit register for signal <Registers_8<11>>.
    Found 1-bit register for signal <Registers_8<10>>.
    Found 1-bit register for signal <Registers_8<9>>.
    Found 1-bit register for signal <Registers_8<8>>.
    Found 1-bit register for signal <Registers_8<7>>.
    Found 1-bit register for signal <Registers_8<6>>.
    Found 1-bit register for signal <Registers_8<5>>.
    Found 1-bit register for signal <Registers_8<4>>.
    Found 1-bit register for signal <Registers_8<3>>.
    Found 1-bit register for signal <Registers_8<2>>.
    Found 1-bit register for signal <Registers_8<1>>.
    Found 1-bit register for signal <Registers_8<0>>.
    Found 1-bit register for signal <Registers_9<31>>.
    Found 1-bit register for signal <Registers_9<30>>.
    Found 1-bit register for signal <Registers_9<29>>.
    Found 1-bit register for signal <Registers_9<28>>.
    Found 1-bit register for signal <Registers_9<27>>.
    Found 1-bit register for signal <Registers_9<26>>.
    Found 1-bit register for signal <Registers_9<25>>.
    Found 1-bit register for signal <Registers_9<24>>.
    Found 1-bit register for signal <Registers_9<23>>.
    Found 1-bit register for signal <Registers_9<22>>.
    Found 1-bit register for signal <Registers_9<21>>.
    Found 1-bit register for signal <Registers_9<20>>.
    Found 1-bit register for signal <Registers_9<19>>.
    Found 1-bit register for signal <Registers_9<18>>.
    Found 1-bit register for signal <Registers_9<17>>.
    Found 1-bit register for signal <Registers_9<16>>.
    Found 1-bit register for signal <Registers_9<15>>.
    Found 1-bit register for signal <Registers_9<14>>.
    Found 1-bit register for signal <Registers_9<13>>.
    Found 1-bit register for signal <Registers_9<12>>.
    Found 1-bit register for signal <Registers_9<11>>.
    Found 1-bit register for signal <Registers_9<10>>.
    Found 1-bit register for signal <Registers_9<9>>.
    Found 1-bit register for signal <Registers_9<8>>.
    Found 1-bit register for signal <Registers_9<7>>.
    Found 1-bit register for signal <Registers_9<6>>.
    Found 1-bit register for signal <Registers_9<5>>.
    Found 1-bit register for signal <Registers_9<4>>.
    Found 1-bit register for signal <Registers_9<3>>.
    Found 1-bit register for signal <Registers_9<2>>.
    Found 1-bit register for signal <Registers_9<1>>.
    Found 1-bit register for signal <Registers_9<0>>.
    Found 1-bit register for signal <Registers_10<31>>.
    Found 1-bit register for signal <Registers_10<30>>.
    Found 1-bit register for signal <Registers_10<29>>.
    Found 1-bit register for signal <Registers_10<28>>.
    Found 1-bit register for signal <Registers_10<27>>.
    Found 1-bit register for signal <Registers_10<26>>.
    Found 1-bit register for signal <Registers_10<25>>.
    Found 1-bit register for signal <Registers_10<24>>.
    Found 1-bit register for signal <Registers_10<23>>.
    Found 1-bit register for signal <Registers_10<22>>.
    Found 1-bit register for signal <Registers_10<21>>.
    Found 1-bit register for signal <Registers_10<20>>.
    Found 1-bit register for signal <Registers_10<19>>.
    Found 1-bit register for signal <Registers_10<18>>.
    Found 1-bit register for signal <Registers_10<17>>.
    Found 1-bit register for signal <Registers_10<16>>.
    Found 1-bit register for signal <Registers_10<15>>.
    Found 1-bit register for signal <Registers_10<14>>.
    Found 1-bit register for signal <Registers_10<13>>.
    Found 1-bit register for signal <Registers_10<12>>.
    Found 1-bit register for signal <Registers_10<11>>.
    Found 1-bit register for signal <Registers_10<10>>.
    Found 1-bit register for signal <Registers_10<9>>.
    Found 1-bit register for signal <Registers_10<8>>.
    Found 1-bit register for signal <Registers_10<7>>.
    Found 1-bit register for signal <Registers_10<6>>.
    Found 1-bit register for signal <Registers_10<5>>.
    Found 1-bit register for signal <Registers_10<4>>.
    Found 1-bit register for signal <Registers_10<3>>.
    Found 1-bit register for signal <Registers_10<2>>.
    Found 1-bit register for signal <Registers_10<1>>.
    Found 1-bit register for signal <Registers_10<0>>.
    Found 1-bit register for signal <Registers_11<31>>.
    Found 1-bit register for signal <Registers_11<30>>.
    Found 1-bit register for signal <Registers_11<29>>.
    Found 1-bit register for signal <Registers_11<28>>.
    Found 1-bit register for signal <Registers_11<27>>.
    Found 1-bit register for signal <Registers_11<26>>.
    Found 1-bit register for signal <Registers_11<25>>.
    Found 1-bit register for signal <Registers_11<24>>.
    Found 1-bit register for signal <Registers_11<23>>.
    Found 1-bit register for signal <Registers_11<22>>.
    Found 1-bit register for signal <Registers_11<21>>.
    Found 1-bit register for signal <Registers_11<20>>.
    Found 1-bit register for signal <Registers_11<19>>.
    Found 1-bit register for signal <Registers_11<18>>.
    Found 1-bit register for signal <Registers_11<17>>.
    Found 1-bit register for signal <Registers_11<16>>.
    Found 1-bit register for signal <Registers_11<15>>.
    Found 1-bit register for signal <Registers_11<14>>.
    Found 1-bit register for signal <Registers_11<13>>.
    Found 1-bit register for signal <Registers_11<12>>.
    Found 1-bit register for signal <Registers_11<11>>.
    Found 1-bit register for signal <Registers_11<10>>.
    Found 1-bit register for signal <Registers_11<9>>.
    Found 1-bit register for signal <Registers_11<8>>.
    Found 1-bit register for signal <Registers_11<7>>.
    Found 1-bit register for signal <Registers_11<6>>.
    Found 1-bit register for signal <Registers_11<5>>.
    Found 1-bit register for signal <Registers_11<4>>.
    Found 1-bit register for signal <Registers_11<3>>.
    Found 1-bit register for signal <Registers_11<2>>.
    Found 1-bit register for signal <Registers_11<1>>.
    Found 1-bit register for signal <Registers_11<0>>.
    Found 1-bit register for signal <Registers_12<31>>.
    Found 1-bit register for signal <Registers_12<30>>.
    Found 1-bit register for signal <Registers_12<29>>.
    Found 1-bit register for signal <Registers_12<28>>.
    Found 1-bit register for signal <Registers_12<27>>.
    Found 1-bit register for signal <Registers_12<26>>.
    Found 1-bit register for signal <Registers_12<25>>.
    Found 1-bit register for signal <Registers_12<24>>.
    Found 1-bit register for signal <Registers_12<23>>.
    Found 1-bit register for signal <Registers_12<22>>.
    Found 1-bit register for signal <Registers_12<21>>.
    Found 1-bit register for signal <Registers_12<20>>.
    Found 1-bit register for signal <Registers_12<19>>.
    Found 1-bit register for signal <Registers_12<18>>.
    Found 1-bit register for signal <Registers_12<17>>.
    Found 1-bit register for signal <Registers_12<16>>.
    Found 1-bit register for signal <Registers_12<15>>.
    Found 1-bit register for signal <Registers_12<14>>.
    Found 1-bit register for signal <Registers_12<13>>.
    Found 1-bit register for signal <Registers_12<12>>.
    Found 1-bit register for signal <Registers_12<11>>.
    Found 1-bit register for signal <Registers_12<10>>.
    Found 1-bit register for signal <Registers_12<9>>.
    Found 1-bit register for signal <Registers_12<8>>.
    Found 1-bit register for signal <Registers_12<7>>.
    Found 1-bit register for signal <Registers_12<6>>.
    Found 1-bit register for signal <Registers_12<5>>.
    Found 1-bit register for signal <Registers_12<4>>.
    Found 1-bit register for signal <Registers_12<3>>.
    Found 1-bit register for signal <Registers_12<2>>.
    Found 1-bit register for signal <Registers_12<1>>.
    Found 1-bit register for signal <Registers_12<0>>.
    Found 1-bit register for signal <Registers_13<31>>.
    Found 1-bit register for signal <Registers_13<30>>.
    Found 1-bit register for signal <Registers_13<29>>.
    Found 1-bit register for signal <Registers_13<28>>.
    Found 1-bit register for signal <Registers_13<27>>.
    Found 1-bit register for signal <Registers_13<26>>.
    Found 1-bit register for signal <Registers_13<25>>.
    Found 1-bit register for signal <Registers_13<24>>.
    Found 1-bit register for signal <Registers_13<23>>.
    Found 1-bit register for signal <Registers_13<22>>.
    Found 1-bit register for signal <Registers_13<21>>.
    Found 1-bit register for signal <Registers_13<20>>.
    Found 1-bit register for signal <Registers_13<19>>.
    Found 1-bit register for signal <Registers_13<18>>.
    Found 1-bit register for signal <Registers_13<17>>.
    Found 1-bit register for signal <Registers_13<16>>.
    Found 1-bit register for signal <Registers_13<15>>.
    Found 1-bit register for signal <Registers_13<14>>.
    Found 1-bit register for signal <Registers_13<13>>.
    Found 1-bit register for signal <Registers_13<12>>.
    Found 1-bit register for signal <Registers_13<11>>.
    Found 1-bit register for signal <Registers_13<10>>.
    Found 1-bit register for signal <Registers_13<9>>.
    Found 1-bit register for signal <Registers_13<8>>.
    Found 1-bit register for signal <Registers_13<7>>.
    Found 1-bit register for signal <Registers_13<6>>.
    Found 1-bit register for signal <Registers_13<5>>.
    Found 1-bit register for signal <Registers_13<4>>.
    Found 1-bit register for signal <Registers_13<3>>.
    Found 1-bit register for signal <Registers_13<2>>.
    Found 1-bit register for signal <Registers_13<1>>.
    Found 1-bit register for signal <Registers_13<0>>.
    Found 1-bit register for signal <Registers_14<31>>.
    Found 1-bit register for signal <Registers_14<30>>.
    Found 1-bit register for signal <Registers_14<29>>.
    Found 1-bit register for signal <Registers_14<28>>.
    Found 1-bit register for signal <Registers_14<27>>.
    Found 1-bit register for signal <Registers_14<26>>.
    Found 1-bit register for signal <Registers_14<25>>.
    Found 1-bit register for signal <Registers_14<24>>.
    Found 1-bit register for signal <Registers_14<23>>.
    Found 1-bit register for signal <Registers_14<22>>.
    Found 1-bit register for signal <Registers_14<21>>.
    Found 1-bit register for signal <Registers_14<20>>.
    Found 1-bit register for signal <Registers_14<19>>.
    Found 1-bit register for signal <Registers_14<18>>.
    Found 1-bit register for signal <Registers_14<17>>.
    Found 1-bit register for signal <Registers_14<16>>.
    Found 1-bit register for signal <Registers_14<15>>.
    Found 1-bit register for signal <Registers_14<14>>.
    Found 1-bit register for signal <Registers_14<13>>.
    Found 1-bit register for signal <Registers_14<12>>.
    Found 1-bit register for signal <Registers_14<11>>.
    Found 1-bit register for signal <Registers_14<10>>.
    Found 1-bit register for signal <Registers_14<9>>.
    Found 1-bit register for signal <Registers_14<8>>.
    Found 1-bit register for signal <Registers_14<7>>.
    Found 1-bit register for signal <Registers_14<6>>.
    Found 1-bit register for signal <Registers_14<5>>.
    Found 1-bit register for signal <Registers_14<4>>.
    Found 1-bit register for signal <Registers_14<3>>.
    Found 1-bit register for signal <Registers_14<2>>.
    Found 1-bit register for signal <Registers_14<1>>.
    Found 1-bit register for signal <Registers_14<0>>.
    Found 1-bit register for signal <Registers_15<31>>.
    Found 1-bit register for signal <Registers_15<30>>.
    Found 1-bit register for signal <Registers_15<29>>.
    Found 1-bit register for signal <Registers_15<28>>.
    Found 1-bit register for signal <Registers_15<27>>.
    Found 1-bit register for signal <Registers_15<26>>.
    Found 1-bit register for signal <Registers_15<25>>.
    Found 1-bit register for signal <Registers_15<24>>.
    Found 1-bit register for signal <Registers_15<23>>.
    Found 1-bit register for signal <Registers_15<22>>.
    Found 1-bit register for signal <Registers_15<21>>.
    Found 1-bit register for signal <Registers_15<20>>.
    Found 1-bit register for signal <Registers_15<19>>.
    Found 1-bit register for signal <Registers_15<18>>.
    Found 1-bit register for signal <Registers_15<17>>.
    Found 1-bit register for signal <Registers_15<16>>.
    Found 1-bit register for signal <Registers_15<15>>.
    Found 1-bit register for signal <Registers_15<14>>.
    Found 1-bit register for signal <Registers_15<13>>.
    Found 1-bit register for signal <Registers_15<12>>.
    Found 1-bit register for signal <Registers_15<11>>.
    Found 1-bit register for signal <Registers_15<10>>.
    Found 1-bit register for signal <Registers_15<9>>.
    Found 1-bit register for signal <Registers_15<8>>.
    Found 1-bit register for signal <Registers_15<7>>.
    Found 1-bit register for signal <Registers_15<6>>.
    Found 1-bit register for signal <Registers_15<5>>.
    Found 1-bit register for signal <Registers_15<4>>.
    Found 1-bit register for signal <Registers_15<3>>.
    Found 1-bit register for signal <Registers_15<2>>.
    Found 1-bit register for signal <Registers_15<1>>.
    Found 1-bit register for signal <Registers_15<0>>.
    Found 1-bit register for signal <Registers_16<31>>.
    Found 1-bit register for signal <Registers_16<30>>.
    Found 1-bit register for signal <Registers_16<29>>.
    Found 1-bit register for signal <Registers_16<28>>.
    Found 1-bit register for signal <Registers_16<27>>.
    Found 1-bit register for signal <Registers_16<26>>.
    Found 1-bit register for signal <Registers_16<25>>.
    Found 1-bit register for signal <Registers_16<24>>.
    Found 1-bit register for signal <Registers_16<23>>.
    Found 1-bit register for signal <Registers_16<22>>.
    Found 1-bit register for signal <Registers_16<21>>.
    Found 1-bit register for signal <Registers_16<20>>.
    Found 1-bit register for signal <Registers_16<19>>.
    Found 1-bit register for signal <Registers_16<18>>.
    Found 1-bit register for signal <Registers_16<17>>.
    Found 1-bit register for signal <Registers_16<16>>.
    Found 1-bit register for signal <Registers_16<15>>.
    Found 1-bit register for signal <Registers_16<14>>.
    Found 1-bit register for signal <Registers_16<13>>.
    Found 1-bit register for signal <Registers_16<12>>.
    Found 1-bit register for signal <Registers_16<11>>.
    Found 1-bit register for signal <Registers_16<10>>.
    Found 1-bit register for signal <Registers_16<9>>.
    Found 1-bit register for signal <Registers_16<8>>.
    Found 1-bit register for signal <Registers_16<7>>.
    Found 1-bit register for signal <Registers_16<6>>.
    Found 1-bit register for signal <Registers_16<5>>.
    Found 1-bit register for signal <Registers_16<4>>.
    Found 1-bit register for signal <Registers_16<3>>.
    Found 1-bit register for signal <Registers_16<2>>.
    Found 1-bit register for signal <Registers_16<1>>.
    Found 1-bit register for signal <Registers_16<0>>.
    Found 1-bit register for signal <Registers_17<31>>.
    Found 1-bit register for signal <Registers_17<30>>.
    Found 1-bit register for signal <Registers_17<29>>.
    Found 1-bit register for signal <Registers_17<28>>.
    Found 1-bit register for signal <Registers_17<27>>.
    Found 1-bit register for signal <Registers_17<26>>.
    Found 1-bit register for signal <Registers_17<25>>.
    Found 1-bit register for signal <Registers_17<24>>.
    Found 1-bit register for signal <Registers_17<23>>.
    Found 1-bit register for signal <Registers_17<22>>.
    Found 1-bit register for signal <Registers_17<21>>.
    Found 1-bit register for signal <Registers_17<20>>.
    Found 1-bit register for signal <Registers_17<19>>.
    Found 1-bit register for signal <Registers_17<18>>.
    Found 1-bit register for signal <Registers_17<17>>.
    Found 1-bit register for signal <Registers_17<16>>.
    Found 1-bit register for signal <Registers_17<15>>.
    Found 1-bit register for signal <Registers_17<14>>.
    Found 1-bit register for signal <Registers_17<13>>.
    Found 1-bit register for signal <Registers_17<12>>.
    Found 1-bit register for signal <Registers_17<11>>.
    Found 1-bit register for signal <Registers_17<10>>.
    Found 1-bit register for signal <Registers_17<9>>.
    Found 1-bit register for signal <Registers_17<8>>.
    Found 1-bit register for signal <Registers_17<7>>.
    Found 1-bit register for signal <Registers_17<6>>.
    Found 1-bit register for signal <Registers_17<5>>.
    Found 1-bit register for signal <Registers_17<4>>.
    Found 1-bit register for signal <Registers_17<3>>.
    Found 1-bit register for signal <Registers_17<2>>.
    Found 1-bit register for signal <Registers_17<1>>.
    Found 1-bit register for signal <Registers_17<0>>.
    Found 1-bit register for signal <Registers_18<31>>.
    Found 1-bit register for signal <Registers_18<30>>.
    Found 1-bit register for signal <Registers_18<29>>.
    Found 1-bit register for signal <Registers_18<28>>.
    Found 1-bit register for signal <Registers_18<27>>.
    Found 1-bit register for signal <Registers_18<26>>.
    Found 1-bit register for signal <Registers_18<25>>.
    Found 1-bit register for signal <Registers_18<24>>.
    Found 1-bit register for signal <Registers_18<23>>.
    Found 1-bit register for signal <Registers_18<22>>.
    Found 1-bit register for signal <Registers_18<21>>.
    Found 1-bit register for signal <Registers_18<20>>.
    Found 1-bit register for signal <Registers_18<19>>.
    Found 1-bit register for signal <Registers_18<18>>.
    Found 1-bit register for signal <Registers_18<17>>.
    Found 1-bit register for signal <Registers_18<16>>.
    Found 1-bit register for signal <Registers_18<15>>.
    Found 1-bit register for signal <Registers_18<14>>.
    Found 1-bit register for signal <Registers_18<13>>.
    Found 1-bit register for signal <Registers_18<12>>.
    Found 1-bit register for signal <Registers_18<11>>.
    Found 1-bit register for signal <Registers_18<10>>.
    Found 1-bit register for signal <Registers_18<9>>.
    Found 1-bit register for signal <Registers_18<8>>.
    Found 1-bit register for signal <Registers_18<7>>.
    Found 1-bit register for signal <Registers_18<6>>.
    Found 1-bit register for signal <Registers_18<5>>.
    Found 1-bit register for signal <Registers_18<4>>.
    Found 1-bit register for signal <Registers_18<3>>.
    Found 1-bit register for signal <Registers_18<2>>.
    Found 1-bit register for signal <Registers_18<1>>.
    Found 1-bit register for signal <Registers_18<0>>.
    Found 1-bit register for signal <Registers_19<31>>.
    Found 1-bit register for signal <Registers_19<30>>.
    Found 1-bit register for signal <Registers_19<29>>.
    Found 1-bit register for signal <Registers_19<28>>.
    Found 1-bit register for signal <Registers_19<27>>.
    Found 1-bit register for signal <Registers_19<26>>.
    Found 1-bit register for signal <Registers_19<25>>.
    Found 1-bit register for signal <Registers_19<24>>.
    Found 1-bit register for signal <Registers_19<23>>.
    Found 1-bit register for signal <Registers_19<22>>.
    Found 1-bit register for signal <Registers_19<21>>.
    Found 1-bit register for signal <Registers_19<20>>.
    Found 1-bit register for signal <Registers_19<19>>.
    Found 1-bit register for signal <Registers_19<18>>.
    Found 1-bit register for signal <Registers_19<17>>.
    Found 1-bit register for signal <Registers_19<16>>.
    Found 1-bit register for signal <Registers_19<15>>.
    Found 1-bit register for signal <Registers_19<14>>.
    Found 1-bit register for signal <Registers_19<13>>.
    Found 1-bit register for signal <Registers_19<12>>.
    Found 1-bit register for signal <Registers_19<11>>.
    Found 1-bit register for signal <Registers_19<10>>.
    Found 1-bit register for signal <Registers_19<9>>.
    Found 1-bit register for signal <Registers_19<8>>.
    Found 1-bit register for signal <Registers_19<7>>.
    Found 1-bit register for signal <Registers_19<6>>.
    Found 1-bit register for signal <Registers_19<5>>.
    Found 1-bit register for signal <Registers_19<4>>.
    Found 1-bit register for signal <Registers_19<3>>.
    Found 1-bit register for signal <Registers_19<2>>.
    Found 1-bit register for signal <Registers_19<1>>.
    Found 1-bit register for signal <Registers_19<0>>.
    Found 1-bit register for signal <Registers_20<31>>.
    Found 1-bit register for signal <Registers_20<30>>.
    Found 1-bit register for signal <Registers_20<29>>.
    Found 1-bit register for signal <Registers_20<28>>.
    Found 1-bit register for signal <Registers_20<27>>.
    Found 1-bit register for signal <Registers_20<26>>.
    Found 1-bit register for signal <Registers_20<25>>.
    Found 1-bit register for signal <Registers_20<24>>.
    Found 1-bit register for signal <Registers_20<23>>.
    Found 1-bit register for signal <Registers_20<22>>.
    Found 1-bit register for signal <Registers_20<21>>.
    Found 1-bit register for signal <Registers_20<20>>.
    Found 1-bit register for signal <Registers_20<19>>.
    Found 1-bit register for signal <Registers_20<18>>.
    Found 1-bit register for signal <Registers_20<17>>.
    Found 1-bit register for signal <Registers_20<16>>.
    Found 1-bit register for signal <Registers_20<15>>.
    Found 1-bit register for signal <Registers_20<14>>.
    Found 1-bit register for signal <Registers_20<13>>.
    Found 1-bit register for signal <Registers_20<12>>.
    Found 1-bit register for signal <Registers_20<11>>.
    Found 1-bit register for signal <Registers_20<10>>.
    Found 1-bit register for signal <Registers_20<9>>.
    Found 1-bit register for signal <Registers_20<8>>.
    Found 1-bit register for signal <Registers_20<7>>.
    Found 1-bit register for signal <Registers_20<6>>.
    Found 1-bit register for signal <Registers_20<5>>.
    Found 1-bit register for signal <Registers_20<4>>.
    Found 1-bit register for signal <Registers_20<3>>.
    Found 1-bit register for signal <Registers_20<2>>.
    Found 1-bit register for signal <Registers_20<1>>.
    Found 1-bit register for signal <Registers_20<0>>.
    Found 1-bit register for signal <Registers_21<31>>.
    Found 1-bit register for signal <Registers_21<30>>.
    Found 1-bit register for signal <Registers_21<29>>.
    Found 1-bit register for signal <Registers_21<28>>.
    Found 1-bit register for signal <Registers_21<27>>.
    Found 1-bit register for signal <Registers_21<26>>.
    Found 1-bit register for signal <Registers_21<25>>.
    Found 1-bit register for signal <Registers_21<24>>.
    Found 1-bit register for signal <Registers_21<23>>.
    Found 1-bit register for signal <Registers_21<22>>.
    Found 1-bit register for signal <Registers_21<21>>.
    Found 1-bit register for signal <Registers_21<20>>.
    Found 1-bit register for signal <Registers_21<19>>.
    Found 1-bit register for signal <Registers_21<18>>.
    Found 1-bit register for signal <Registers_21<17>>.
    Found 1-bit register for signal <Registers_21<16>>.
    Found 1-bit register for signal <Registers_21<15>>.
    Found 1-bit register for signal <Registers_21<14>>.
    Found 1-bit register for signal <Registers_21<13>>.
    Found 1-bit register for signal <Registers_21<12>>.
    Found 1-bit register for signal <Registers_21<11>>.
    Found 1-bit register for signal <Registers_21<10>>.
    Found 1-bit register for signal <Registers_21<9>>.
    Found 1-bit register for signal <Registers_21<8>>.
    Found 1-bit register for signal <Registers_21<7>>.
    Found 1-bit register for signal <Registers_21<6>>.
    Found 1-bit register for signal <Registers_21<5>>.
    Found 1-bit register for signal <Registers_21<4>>.
    Found 1-bit register for signal <Registers_21<3>>.
    Found 1-bit register for signal <Registers_21<2>>.
    Found 1-bit register for signal <Registers_21<1>>.
    Found 1-bit register for signal <Registers_21<0>>.
    Found 1-bit register for signal <Registers_22<31>>.
    Found 1-bit register for signal <Registers_22<30>>.
    Found 1-bit register for signal <Registers_22<29>>.
    Found 1-bit register for signal <Registers_22<28>>.
    Found 1-bit register for signal <Registers_22<27>>.
    Found 1-bit register for signal <Registers_22<26>>.
    Found 1-bit register for signal <Registers_22<25>>.
    Found 1-bit register for signal <Registers_22<24>>.
    Found 1-bit register for signal <Registers_22<23>>.
    Found 1-bit register for signal <Registers_22<22>>.
    Found 1-bit register for signal <Registers_22<21>>.
    Found 1-bit register for signal <Registers_22<20>>.
    Found 1-bit register for signal <Registers_22<19>>.
    Found 1-bit register for signal <Registers_22<18>>.
    Found 1-bit register for signal <Registers_22<17>>.
    Found 1-bit register for signal <Registers_22<16>>.
    Found 1-bit register for signal <Registers_22<15>>.
    Found 1-bit register for signal <Registers_22<14>>.
    Found 1-bit register for signal <Registers_22<13>>.
    Found 1-bit register for signal <Registers_22<12>>.
    Found 1-bit register for signal <Registers_22<11>>.
    Found 1-bit register for signal <Registers_22<10>>.
    Found 1-bit register for signal <Registers_22<9>>.
    Found 1-bit register for signal <Registers_22<8>>.
    Found 1-bit register for signal <Registers_22<7>>.
    Found 1-bit register for signal <Registers_22<6>>.
    Found 1-bit register for signal <Registers_22<5>>.
    Found 1-bit register for signal <Registers_22<4>>.
    Found 1-bit register for signal <Registers_22<3>>.
    Found 1-bit register for signal <Registers_22<2>>.
    Found 1-bit register for signal <Registers_22<1>>.
    Found 1-bit register for signal <Registers_22<0>>.
    Found 1-bit register for signal <Registers_23<31>>.
    Found 1-bit register for signal <Registers_23<30>>.
    Found 1-bit register for signal <Registers_23<29>>.
    Found 1-bit register for signal <Registers_23<28>>.
    Found 1-bit register for signal <Registers_23<27>>.
    Found 1-bit register for signal <Registers_23<26>>.
    Found 1-bit register for signal <Registers_23<25>>.
    Found 1-bit register for signal <Registers_23<24>>.
    Found 1-bit register for signal <Registers_23<23>>.
    Found 1-bit register for signal <Registers_23<22>>.
    Found 1-bit register for signal <Registers_23<21>>.
    Found 1-bit register for signal <Registers_23<20>>.
    Found 1-bit register for signal <Registers_23<19>>.
    Found 1-bit register for signal <Registers_23<18>>.
    Found 1-bit register for signal <Registers_23<17>>.
    Found 1-bit register for signal <Registers_23<16>>.
    Found 1-bit register for signal <Registers_23<15>>.
    Found 1-bit register for signal <Registers_23<14>>.
    Found 1-bit register for signal <Registers_23<13>>.
    Found 1-bit register for signal <Registers_23<12>>.
    Found 1-bit register for signal <Registers_23<11>>.
    Found 1-bit register for signal <Registers_23<10>>.
    Found 1-bit register for signal <Registers_23<9>>.
    Found 1-bit register for signal <Registers_23<8>>.
    Found 1-bit register for signal <Registers_23<7>>.
    Found 1-bit register for signal <Registers_23<6>>.
    Found 1-bit register for signal <Registers_23<5>>.
    Found 1-bit register for signal <Registers_23<4>>.
    Found 1-bit register for signal <Registers_23<3>>.
    Found 1-bit register for signal <Registers_23<2>>.
    Found 1-bit register for signal <Registers_23<1>>.
    Found 1-bit register for signal <Registers_23<0>>.
    Found 1-bit register for signal <Registers_24<31>>.
    Found 1-bit register for signal <Registers_24<30>>.
    Found 1-bit register for signal <Registers_24<29>>.
    Found 1-bit register for signal <Registers_24<28>>.
    Found 1-bit register for signal <Registers_24<27>>.
    Found 1-bit register for signal <Registers_24<26>>.
    Found 1-bit register for signal <Registers_24<25>>.
    Found 1-bit register for signal <Registers_24<24>>.
    Found 1-bit register for signal <Registers_24<23>>.
    Found 1-bit register for signal <Registers_24<22>>.
    Found 1-bit register for signal <Registers_24<21>>.
    Found 1-bit register for signal <Registers_24<20>>.
    Found 1-bit register for signal <Registers_24<19>>.
    Found 1-bit register for signal <Registers_24<18>>.
    Found 1-bit register for signal <Registers_24<17>>.
    Found 1-bit register for signal <Registers_24<16>>.
    Found 1-bit register for signal <Registers_24<15>>.
    Found 1-bit register for signal <Registers_24<14>>.
    Found 1-bit register for signal <Registers_24<13>>.
    Found 1-bit register for signal <Registers_24<12>>.
    Found 1-bit register for signal <Registers_24<11>>.
    Found 1-bit register for signal <Registers_24<10>>.
    Found 1-bit register for signal <Registers_24<9>>.
    Found 1-bit register for signal <Registers_24<8>>.
    Found 1-bit register for signal <Registers_24<7>>.
    Found 1-bit register for signal <Registers_24<6>>.
    Found 1-bit register for signal <Registers_24<5>>.
    Found 1-bit register for signal <Registers_24<4>>.
    Found 1-bit register for signal <Registers_24<3>>.
    Found 1-bit register for signal <Registers_24<2>>.
    Found 1-bit register for signal <Registers_24<1>>.
    Found 1-bit register for signal <Registers_24<0>>.
    Found 1-bit register for signal <Registers_25<31>>.
    Found 1-bit register for signal <Registers_25<30>>.
    Found 1-bit register for signal <Registers_25<29>>.
    Found 1-bit register for signal <Registers_25<28>>.
    Found 1-bit register for signal <Registers_25<27>>.
    Found 1-bit register for signal <Registers_25<26>>.
    Found 1-bit register for signal <Registers_25<25>>.
    Found 1-bit register for signal <Registers_25<24>>.
    Found 1-bit register for signal <Registers_25<23>>.
    Found 1-bit register for signal <Registers_25<22>>.
    Found 1-bit register for signal <Registers_25<21>>.
    Found 1-bit register for signal <Registers_25<20>>.
    Found 1-bit register for signal <Registers_25<19>>.
    Found 1-bit register for signal <Registers_25<18>>.
    Found 1-bit register for signal <Registers_25<17>>.
    Found 1-bit register for signal <Registers_25<16>>.
    Found 1-bit register for signal <Registers_25<15>>.
    Found 1-bit register for signal <Registers_25<14>>.
    Found 1-bit register for signal <Registers_25<13>>.
    Found 1-bit register for signal <Registers_25<12>>.
    Found 1-bit register for signal <Registers_25<11>>.
    Found 1-bit register for signal <Registers_25<10>>.
    Found 1-bit register for signal <Registers_25<9>>.
    Found 1-bit register for signal <Registers_25<8>>.
    Found 1-bit register for signal <Registers_25<7>>.
    Found 1-bit register for signal <Registers_25<6>>.
    Found 1-bit register for signal <Registers_25<5>>.
    Found 1-bit register for signal <Registers_25<4>>.
    Found 1-bit register for signal <Registers_25<3>>.
    Found 1-bit register for signal <Registers_25<2>>.
    Found 1-bit register for signal <Registers_25<1>>.
    Found 1-bit register for signal <Registers_25<0>>.
    Found 1-bit register for signal <Registers_26<31>>.
    Found 1-bit register for signal <Registers_26<30>>.
    Found 1-bit register for signal <Registers_26<29>>.
    Found 1-bit register for signal <Registers_26<28>>.
    Found 1-bit register for signal <Registers_26<27>>.
    Found 1-bit register for signal <Registers_26<26>>.
    Found 1-bit register for signal <Registers_26<25>>.
    Found 1-bit register for signal <Registers_26<24>>.
    Found 1-bit register for signal <Registers_26<23>>.
    Found 1-bit register for signal <Registers_26<22>>.
    Found 1-bit register for signal <Registers_26<21>>.
    Found 1-bit register for signal <Registers_26<20>>.
    Found 1-bit register for signal <Registers_26<19>>.
    Found 1-bit register for signal <Registers_26<18>>.
    Found 1-bit register for signal <Registers_26<17>>.
    Found 1-bit register for signal <Registers_26<16>>.
    Found 1-bit register for signal <Registers_26<15>>.
    Found 1-bit register for signal <Registers_26<14>>.
    Found 1-bit register for signal <Registers_26<13>>.
    Found 1-bit register for signal <Registers_26<12>>.
    Found 1-bit register for signal <Registers_26<11>>.
    Found 1-bit register for signal <Registers_26<10>>.
    Found 1-bit register for signal <Registers_26<9>>.
    Found 1-bit register for signal <Registers_26<8>>.
    Found 1-bit register for signal <Registers_26<7>>.
    Found 1-bit register for signal <Registers_26<6>>.
    Found 1-bit register for signal <Registers_26<5>>.
    Found 1-bit register for signal <Registers_26<4>>.
    Found 1-bit register for signal <Registers_26<3>>.
    Found 1-bit register for signal <Registers_26<2>>.
    Found 1-bit register for signal <Registers_26<1>>.
    Found 1-bit register for signal <Registers_26<0>>.
    Found 1-bit register for signal <Registers_27<31>>.
    Found 1-bit register for signal <Registers_27<30>>.
    Found 1-bit register for signal <Registers_27<29>>.
    Found 1-bit register for signal <Registers_27<28>>.
    Found 1-bit register for signal <Registers_27<27>>.
    Found 1-bit register for signal <Registers_27<26>>.
    Found 1-bit register for signal <Registers_27<25>>.
    Found 1-bit register for signal <Registers_27<24>>.
    Found 1-bit register for signal <Registers_27<23>>.
    Found 1-bit register for signal <Registers_27<22>>.
    Found 1-bit register for signal <Registers_27<21>>.
    Found 1-bit register for signal <Registers_27<20>>.
    Found 1-bit register for signal <Registers_27<19>>.
    Found 1-bit register for signal <Registers_27<18>>.
    Found 1-bit register for signal <Registers_27<17>>.
    Found 1-bit register for signal <Registers_27<16>>.
    Found 1-bit register for signal <Registers_27<15>>.
    Found 1-bit register for signal <Registers_27<14>>.
    Found 1-bit register for signal <Registers_27<13>>.
    Found 1-bit register for signal <Registers_27<12>>.
    Found 1-bit register for signal <Registers_27<11>>.
    Found 1-bit register for signal <Registers_27<10>>.
    Found 1-bit register for signal <Registers_27<9>>.
    Found 1-bit register for signal <Registers_27<8>>.
    Found 1-bit register for signal <Registers_27<7>>.
    Found 1-bit register for signal <Registers_27<6>>.
    Found 1-bit register for signal <Registers_27<5>>.
    Found 1-bit register for signal <Registers_27<4>>.
    Found 1-bit register for signal <Registers_27<3>>.
    Found 1-bit register for signal <Registers_27<2>>.
    Found 1-bit register for signal <Registers_27<1>>.
    Found 1-bit register for signal <Registers_27<0>>.
    Found 1-bit register for signal <Registers_28<31>>.
    Found 1-bit register for signal <Registers_28<30>>.
    Found 1-bit register for signal <Registers_28<29>>.
    Found 1-bit register for signal <Registers_28<28>>.
    Found 1-bit register for signal <Registers_28<27>>.
    Found 1-bit register for signal <Registers_28<26>>.
    Found 1-bit register for signal <Registers_28<25>>.
    Found 1-bit register for signal <Registers_28<24>>.
    Found 1-bit register for signal <Registers_28<23>>.
    Found 1-bit register for signal <Registers_28<22>>.
    Found 1-bit register for signal <Registers_28<21>>.
    Found 1-bit register for signal <Registers_28<20>>.
    Found 1-bit register for signal <Registers_28<19>>.
    Found 1-bit register for signal <Registers_28<18>>.
    Found 1-bit register for signal <Registers_28<17>>.
    Found 1-bit register for signal <Registers_28<16>>.
    Found 1-bit register for signal <Registers_28<15>>.
    Found 1-bit register for signal <Registers_28<14>>.
    Found 1-bit register for signal <Registers_28<13>>.
    Found 1-bit register for signal <Registers_28<12>>.
    Found 1-bit register for signal <Registers_28<11>>.
    Found 1-bit register for signal <Registers_28<10>>.
    Found 1-bit register for signal <Registers_28<9>>.
    Found 1-bit register for signal <Registers_28<8>>.
    Found 1-bit register for signal <Registers_28<7>>.
    Found 1-bit register for signal <Registers_28<6>>.
    Found 1-bit register for signal <Registers_28<5>>.
    Found 1-bit register for signal <Registers_28<4>>.
    Found 1-bit register for signal <Registers_28<3>>.
    Found 1-bit register for signal <Registers_28<2>>.
    Found 1-bit register for signal <Registers_28<1>>.
    Found 1-bit register for signal <Registers_28<0>>.
    Found 1-bit register for signal <Registers_29<31>>.
    Found 1-bit register for signal <Registers_29<30>>.
    Found 1-bit register for signal <Registers_29<29>>.
    Found 1-bit register for signal <Registers_29<28>>.
    Found 1-bit register for signal <Registers_29<27>>.
    Found 1-bit register for signal <Registers_29<26>>.
    Found 1-bit register for signal <Registers_29<25>>.
    Found 1-bit register for signal <Registers_29<24>>.
    Found 1-bit register for signal <Registers_29<23>>.
    Found 1-bit register for signal <Registers_29<22>>.
    Found 1-bit register for signal <Registers_29<21>>.
    Found 1-bit register for signal <Registers_29<20>>.
    Found 1-bit register for signal <Registers_29<19>>.
    Found 1-bit register for signal <Registers_29<18>>.
    Found 1-bit register for signal <Registers_29<17>>.
    Found 1-bit register for signal <Registers_29<16>>.
    Found 1-bit register for signal <Registers_29<15>>.
    Found 1-bit register for signal <Registers_29<14>>.
    Found 1-bit register for signal <Registers_29<13>>.
    Found 1-bit register for signal <Registers_29<12>>.
    Found 1-bit register for signal <Registers_29<11>>.
    Found 1-bit register for signal <Registers_29<10>>.
    Found 1-bit register for signal <Registers_29<9>>.
    Found 1-bit register for signal <Registers_29<8>>.
    Found 1-bit register for signal <Registers_29<7>>.
    Found 1-bit register for signal <Registers_29<6>>.
    Found 1-bit register for signal <Registers_29<5>>.
    Found 1-bit register for signal <Registers_29<4>>.
    Found 1-bit register for signal <Registers_29<3>>.
    Found 1-bit register for signal <Registers_29<2>>.
    Found 1-bit register for signal <Registers_29<1>>.
    Found 1-bit register for signal <Registers_29<0>>.
    Found 1-bit register for signal <Registers_30<31>>.
    Found 1-bit register for signal <Registers_30<30>>.
    Found 1-bit register for signal <Registers_30<29>>.
    Found 1-bit register for signal <Registers_30<28>>.
    Found 1-bit register for signal <Registers_30<27>>.
    Found 1-bit register for signal <Registers_30<26>>.
    Found 1-bit register for signal <Registers_30<25>>.
    Found 1-bit register for signal <Registers_30<24>>.
    Found 1-bit register for signal <Registers_30<23>>.
    Found 1-bit register for signal <Registers_30<22>>.
    Found 1-bit register for signal <Registers_30<21>>.
    Found 1-bit register for signal <Registers_30<20>>.
    Found 1-bit register for signal <Registers_30<19>>.
    Found 1-bit register for signal <Registers_30<18>>.
    Found 1-bit register for signal <Registers_30<17>>.
    Found 1-bit register for signal <Registers_30<16>>.
    Found 1-bit register for signal <Registers_30<15>>.
    Found 1-bit register for signal <Registers_30<14>>.
    Found 1-bit register for signal <Registers_30<13>>.
    Found 1-bit register for signal <Registers_30<12>>.
    Found 1-bit register for signal <Registers_30<11>>.
    Found 1-bit register for signal <Registers_30<10>>.
    Found 1-bit register for signal <Registers_30<9>>.
    Found 1-bit register for signal <Registers_30<8>>.
    Found 1-bit register for signal <Registers_30<7>>.
    Found 1-bit register for signal <Registers_30<6>>.
    Found 1-bit register for signal <Registers_30<5>>.
    Found 1-bit register for signal <Registers_30<4>>.
    Found 1-bit register for signal <Registers_30<3>>.
    Found 1-bit register for signal <Registers_30<2>>.
    Found 1-bit register for signal <Registers_30<1>>.
    Found 1-bit register for signal <Registers_30<0>>.
    Found 1-bit register for signal <Registers_31<31>>.
    Found 1-bit register for signal <Registers_31<30>>.
    Found 1-bit register for signal <Registers_31<29>>.
    Found 1-bit register for signal <Registers_31<28>>.
    Found 1-bit register for signal <Registers_31<27>>.
    Found 1-bit register for signal <Registers_31<26>>.
    Found 1-bit register for signal <Registers_31<25>>.
    Found 1-bit register for signal <Registers_31<24>>.
    Found 1-bit register for signal <Registers_31<23>>.
    Found 1-bit register for signal <Registers_31<22>>.
    Found 1-bit register for signal <Registers_31<21>>.
    Found 1-bit register for signal <Registers_31<20>>.
    Found 1-bit register for signal <Registers_31<19>>.
    Found 1-bit register for signal <Registers_31<18>>.
    Found 1-bit register for signal <Registers_31<17>>.
    Found 1-bit register for signal <Registers_31<16>>.
    Found 1-bit register for signal <Registers_31<15>>.
    Found 1-bit register for signal <Registers_31<14>>.
    Found 1-bit register for signal <Registers_31<13>>.
    Found 1-bit register for signal <Registers_31<12>>.
    Found 1-bit register for signal <Registers_31<11>>.
    Found 1-bit register for signal <Registers_31<10>>.
    Found 1-bit register for signal <Registers_31<9>>.
    Found 1-bit register for signal <Registers_31<8>>.
    Found 1-bit register for signal <Registers_31<7>>.
    Found 1-bit register for signal <Registers_31<6>>.
    Found 1-bit register for signal <Registers_31<5>>.
    Found 1-bit register for signal <Registers_31<4>>.
    Found 1-bit register for signal <Registers_31<3>>.
    Found 1-bit register for signal <Registers_31<2>>.
    Found 1-bit register for signal <Registers_31<1>>.
    Found 1-bit register for signal <Registers_31<0>>.
    Found 1-bit register for signal <Registers_1<31>>.
    Found 1-bit register for signal <Registers_1<30>>.
    Found 1-bit register for signal <Registers_1<29>>.
    Found 1-bit register for signal <Registers_1<28>>.
    Found 1-bit register for signal <Registers_1<27>>.
    Found 1-bit register for signal <Registers_1<26>>.
    Found 1-bit register for signal <Registers_1<25>>.
    Found 1-bit register for signal <Registers_1<24>>.
    Found 1-bit register for signal <Registers_1<23>>.
    Found 1-bit register for signal <Registers_1<22>>.
    Found 1-bit register for signal <Registers_1<21>>.
    Found 1-bit register for signal <Registers_1<20>>.
    Found 1-bit register for signal <Registers_1<19>>.
    Found 1-bit register for signal <Registers_1<18>>.
    Found 1-bit register for signal <Registers_1<17>>.
    Found 1-bit register for signal <Registers_1<16>>.
    Found 1-bit register for signal <Registers_1<15>>.
    Found 1-bit register for signal <Registers_1<14>>.
    Found 1-bit register for signal <Registers_1<13>>.
    Found 1-bit register for signal <Registers_1<12>>.
    Found 1-bit register for signal <Registers_1<11>>.
    Found 1-bit register for signal <Registers_1<10>>.
    Found 1-bit register for signal <Registers_1<9>>.
    Found 1-bit register for signal <Registers_1<8>>.
    Found 1-bit register for signal <Registers_1<7>>.
    Found 1-bit register for signal <Registers_1<6>>.
    Found 1-bit register for signal <Registers_1<5>>.
    Found 1-bit register for signal <Registers_1<4>>.
    Found 1-bit register for signal <Registers_1<3>>.
    Found 1-bit register for signal <Registers_1<2>>.
    Found 1-bit register for signal <Registers_1<1>>.
    Found 1-bit register for signal <Registers_1<0>>.
    Summary:
	inferred 992 D-type flip-flop(s).
Unit <reg> synthesized.

Synthesizing Unit <mux_register_file>.
    Related source file is "C:\Users\salex\Desktop\LabArqui\MIPS_processor\modules\mux_register_file.vhd".
    Summary:
	no macro.
Unit <mux_register_file> synthesized.

=========================================================================
HDL Synthesis Report

Found no macro
=========================================================================

=========================================================================
*                       Advanced HDL Synthesis                          *
=========================================================================


=========================================================================
Advanced HDL Synthesis Report

Found no macro
=========================================================================

=========================================================================
*                         Low Level Synthesis                           *
=========================================================================

Optimizing unit <MIPS_processor> ...

Mapping all equations...
Building and optimizing final netlist ...
Found area constraint ratio of 100 (+ 5) on block MIPS_processor, actual ratio is 0.

Final Macro Processing ...

=========================================================================
Final Register Report

Found no macro
=========================================================================

=========================================================================
*                           Partition Report                            *
=========================================================================

Partition Implementation Status
-------------------------------

  No Partitions were found in this design.

-------------------------------

=========================================================================
*                            Design Summary                             *
=========================================================================

Top Level Output File Name         : MIPS_processor.ngc

Primitive and Black Box Usage:
------------------------------

Device utilization summary:
---------------------------

Selected Device : 6slx16csg324-3 


Slice Logic Utilization: 

Slice Logic Distribution: 
 Number of LUT Flip Flop pairs used:      0
   Number with an unused Flip Flop:       0  out of      0         
   Number with an unused LUT:             0  out of      0         
   Number of fully used LUT-FF pairs:     0  out of      0         
   Number of unique control sets:         0

IO Utilization: 
 Number of IOs:                           2
 Number of bonded IOBs:                   0  out of    232     0%  

Specific Feature Utilization:

---------------------------
Partition Resource Summary:
---------------------------

  No Partitions were found in this design.

---------------------------


=========================================================================
Timing Report

NOTE: THESE TIMING NUMBERS ARE ONLY A SYNTHESIS ESTIMATE.
      FOR ACCURATE TIMING INFORMATION PLEASE REFER TO THE TRACE REPORT
      GENERATED AFTER PLACE-and-ROUTE.

Clock Information:
------------------
No clock signals found in this design

Asynchronous Control Signals Information:
----------------------------------------
No asynchronous control signals found in this design

Timing Summary:
---------------
Speed Grade: -3

   Minimum period: No path found
   Minimum input arrival time before clock: No path found
   Maximum output required time after clock: No path found
   Maximum combinational path delay: No path found

Timing Details:
---------------
All values displayed in nanoseconds (ns)

=========================================================================

Cross Clock Domains Report:
--------------------------

=========================================================================


Total REAL time to Xst completion: 13.00 secs
Total CPU time to Xst completion: 13.08 secs
 
--> 

Total memory usage is 4513068 kilobytes

Number of errors   :    0 (   0 filtered)
Number of warnings :   21 (   0 filtered)
Number of infos    :    0 (   0 filtered)

